<?xml version="1.0" encoding="UTF-8"?>
<testsuite xmlns:xsi="http://www.w3.org/2001/XMLSchema-instance" xsi:noNamespaceSchemaLocation="https://maven.apache.org/surefire/maven-surefire-plugin/xsd/surefire-test-report.xsd" version="3.0.2" name="com.rest.MessageTest" time="0.365" tests="1" errors="0" skipped="0" failures="0">
  <properties>
    <property name="java.specification.version" value="21"/>
    <property name="sun.jnu.encoding" value="UTF-8"/>
    <property name="java.class.path" value="/Users/playclips/RESTful-Micronaut-3rd/chapter3/target/test-classes:/Users/playclips/RESTful-Micronaut-3rd/chapter3/target/classes:/Users/playclips/.m2/repository/io/micronaut/micronaut-http-server-netty/4.7.6/micronaut-http-server-netty-4.7.6.jar:/Users/playclips/.m2/repository/org/slf4j/slf4j-api/2.0.16/slf4j-api-2.0.16.jar:/Users/playclips/.m2/repository/io/micronaut/micronaut-http-server/4.7.6/micronaut-http-server-4.7.6.jar:/Users/playclips/.m2/repository/io/micronaut/micronaut-http/4.7.6/micronaut-http-4.7.6.jar:/Users/playclips/.m2/repository/io/micronaut/micronaut-core-reactive/4.7.6/micronaut-core-reactive-4.7.6.jar:/Users/playclips/.m2/repository/io/micronaut/micronaut-context-propagation/4.7.6/micronaut-context-propagation-4.7.6.jar:/Users/playclips/.m2/repository/io/micronaut/micronaut-router/4.7.6/micronaut-router-4.7.6.jar:/Users/playclips/.m2/repository/io/micronaut/micronaut-core/4.7.6/micronaut-core-4.7.6.jar:/Users/playclips/.m2/repository/io/micronaut/micronaut-http-netty/4.7.6/micronaut-http-netty-4.7.6.jar:/Users/playclips/.m2/repository/io/micronaut/micronaut-buffer-netty/4.7.6/micronaut-buffer-netty-4.7.6.jar:/Users/playclips/.m2/repository/io/netty/netty-codec-http2/4.1.115.Final/netty-codec-http2-4.1.115.Final.jar:/Users/playclips/.m2/repository/io/netty/netty-handler/4.1.115.Final/netty-handler-4.1.115.Final.jar:/Users/playclips/.m2/repository/io/netty/netty-resolver/4.1.115.Final/netty-resolver-4.1.115.Final.jar:/Users/playclips/.m2/repository/io/netty/netty-transport-native-unix-common/4.1.115.Final/netty-transport-native-unix-common-4.1.115.Final.jar:/Users/playclips/.m2/repository/io/netty/netty-codec-http/4.1.115.Final/netty-codec-http-4.1.115.Final.jar:/Users/playclips/.m2/repository/io/netty/netty-common/4.1.115.Final/netty-common-4.1.115.Final.jar:/Users/playclips/.m2/repository/io/netty/netty-buffer/4.1.115.Final/netty-buffer-4.1.115.Final.jar:/Users/playclips/.m2/repository/io/netty/netty-transport/4.1.115.Final/netty-transport-4.1.115.Final.jar:/Users/playclips/.m2/repository/io/netty/netty-codec/4.1.115.Final/netty-codec-4.1.115.Final.jar:/Users/playclips/.m2/repository/io/projectreactor/reactor-core/3.6.10/reactor-core-3.6.10.jar:/Users/playclips/.m2/repository/org/reactivestreams/reactive-streams/1.0.4/reactive-streams-1.0.4.jar:/Users/playclips/.m2/repository/io/micronaut/serde/micronaut-serde-jackson/2.12.0/micronaut-serde-jackson-2.12.0.jar:/Users/playclips/.m2/repository/io/micronaut/micronaut-inject/4.7.6/micronaut-inject-4.7.6.jar:/Users/playclips/.m2/repository/jakarta/inject/jakarta.inject-api/2.0.1/jakarta.inject-api-2.0.1.jar:/Users/playclips/.m2/repository/jakarta/annotation/jakarta.annotation-api/2.1.1/jakarta.annotation-api-2.1.1.jar:/Users/playclips/.m2/repository/io/micronaut/micronaut-jackson-core/4.7.6/micronaut-jackson-core-4.7.6.jar:/Users/playclips/.m2/repository/io/micronaut/micronaut-json-core/4.7.6/micronaut-json-core-4.7.6.jar:/Users/playclips/.m2/repository/com/fasterxml/jackson/core/jackson-core/2.17.2/jackson-core-2.17.2.jar:/Users/playclips/.m2/repository/com/fasterxml/jackson/core/jackson-annotations/2.17.2/jackson-annotations-2.17.2.jar:/Users/playclips/.m2/repository/io/micronaut/micronaut-context/4.7.6/micronaut-context-4.7.6.jar:/Users/playclips/.m2/repository/io/micronaut/micronaut-aop/4.7.6/micronaut-aop-4.7.6.jar:/Users/playclips/.m2/repository/io/micronaut/serde/micronaut-serde-api/2.12.0/micronaut-serde-api-2.12.0.jar:/Users/playclips/.m2/repository/io/micronaut/serde/micronaut-serde-support/2.12.0/micronaut-serde-support-2.12.0.jar:/Users/playclips/.m2/repository/ch/qos/logback/logback-classic/1.5.9/logback-classic-1.5.9.jar:/Users/playclips/.m2/repository/ch/qos/logback/logback-core/1.5.9/logback-core-1.5.9.jar:/Users/playclips/.m2/repository/io/micronaut/micronaut-http-client/4.7.6/micronaut-http-client-4.7.6.jar:/Users/playclips/.m2/repository/io/micronaut/micronaut-http-client-core/4.7.6/micronaut-http-client-core-4.7.6.jar:/Users/playclips/.m2/repository/io/micronaut/micronaut-discovery-core/4.7.6/micronaut-discovery-core-4.7.6.jar:/Users/playclips/.m2/repository/io/micronaut/micronaut-websocket/4.7.6/micronaut-websocket-4.7.6.jar:/Users/playclips/.m2/repository/io/netty/netty-handler-proxy/4.1.115.Final/netty-handler-proxy-4.1.115.Final.jar:/Users/playclips/.m2/repository/io/netty/netty-codec-socks/4.1.115.Final/netty-codec-socks-4.1.115.Final.jar:/Users/playclips/.m2/repository/io/micronaut/test/micronaut-test-junit5/4.6.0/micronaut-test-junit5-4.6.0.jar:/Users/playclips/.m2/repository/io/micronaut/test/micronaut-test-core/4.6.0/micronaut-test-core-4.6.0.jar:/Users/playclips/.m2/repository/org/junit/jupiter/junit-jupiter-api/5.11.3/junit-jupiter-api-5.11.3.jar:/Users/playclips/.m2/repository/org/opentest4j/opentest4j/1.3.0/opentest4j-1.3.0.jar:/Users/playclips/.m2/repository/org/junit/platform/junit-platform-commons/1.11.3/junit-platform-commons-1.11.3.jar:/Users/playclips/.m2/repository/org/apiguardian/apiguardian-api/1.1.2/apiguardian-api-1.1.2.jar:/Users/playclips/.m2/repository/org/junit/jupiter/junit-jupiter-engine/5.11.3/junit-jupiter-engine-5.11.3.jar:/Users/playclips/.m2/repository/org/junit/platform/junit-platform-engine/1.11.3/junit-platform-engine-1.11.3.jar:"/>
    <property name="java.vm.vendor" value="Oracle Corporation"/>
    <property name="sun.arch.data.model" value="64"/>
    <property name="java.vendor.url" value="https://java.oracle.com/"/>
    <property name="user.timezone" value="America/Los_Angeles"/>
    <property name="os.name" value="Mac OS X"/>
    <property name="java.vm.specification.version" value="21"/>
    <property name="sun.java.launcher" value="SUN_STANDARD"/>
    <property name="user.country" value="US"/>
    <property name="sun.boot.library.path" value="/Library/Java/JavaVirtualMachines/jdk-21.jdk/Contents/Home/lib"/>
    <property name="sun.java.command" value="/Users/playclips/RESTful-Micronaut-3rd/chapter3/target/surefire/surefirebooter-20241212140343938_3.jar /Users/playclips/RESTful-Micronaut-3rd/chapter3/target/surefire 2024-12-12T14-03-43_618-jvmRun1 surefire-20241212140343938_1tmp surefire_0-20241212140343938_2tmp"/>
    <property name="http.nonProxyHosts" value="local|*.local|169.254/16|*.169.254/16"/>
    <property name="jdk.debug" value="release"/>
    <property name="surefire.test.class.path" value="/Users/playclips/RESTful-Micronaut-3rd/chapter3/target/test-classes:/Users/playclips/RESTful-Micronaut-3rd/chapter3/target/classes:/Users/playclips/.m2/repository/io/micronaut/micronaut-http-server-netty/4.7.6/micronaut-http-server-netty-4.7.6.jar:/Users/playclips/.m2/repository/org/slf4j/slf4j-api/2.0.16/slf4j-api-2.0.16.jar:/Users/playclips/.m2/repository/io/micronaut/micronaut-http-server/4.7.6/micronaut-http-server-4.7.6.jar:/Users/playclips/.m2/repository/io/micronaut/micronaut-http/4.7.6/micronaut-http-4.7.6.jar:/Users/playclips/.m2/repository/io/micronaut/micronaut-core-reactive/4.7.6/micronaut-core-reactive-4.7.6.jar:/Users/playclips/.m2/repository/io/micronaut/micronaut-context-propagation/4.7.6/micronaut-context-propagation-4.7.6.jar:/Users/playclips/.m2/repository/io/micronaut/micronaut-router/4.7.6/micronaut-router-4.7.6.jar:/Users/playclips/.m2/repository/io/micronaut/micronaut-core/4.7.6/micronaut-core-4.7.6.jar:/Users/playclips/.m2/repository/io/micronaut/micronaut-http-netty/4.7.6/micronaut-http-netty-4.7.6.jar:/Users/playclips/.m2/repository/io/micronaut/micronaut-buffer-netty/4.7.6/micronaut-buffer-netty-4.7.6.jar:/Users/playclips/.m2/repository/io/netty/netty-codec-http2/4.1.115.Final/netty-codec-http2-4.1.115.Final.jar:/Users/playclips/.m2/repository/io/netty/netty-handler/4.1.115.Final/netty-handler-4.1.115.Final.jar:/Users/playclips/.m2/repository/io/netty/netty-resolver/4.1.115.Final/netty-resolver-4.1.115.Final.jar:/Users/playclips/.m2/repository/io/netty/netty-transport-native-unix-common/4.1.115.Final/netty-transport-native-unix-common-4.1.115.Final.jar:/Users/playclips/.m2/repository/io/netty/netty-codec-http/4.1.115.Final/netty-codec-http-4.1.115.Final.jar:/Users/playclips/.m2/repository/io/netty/netty-common/4.1.115.Final/netty-common-4.1.115.Final.jar:/Users/playclips/.m2/repository/io/netty/netty-buffer/4.1.115.Final/netty-buffer-4.1.115.Final.jar:/Users/playclips/.m2/repository/io/netty/netty-transport/4.1.115.Final/netty-transport-4.1.115.Final.jar:/Users/playclips/.m2/repository/io/netty/netty-codec/4.1.115.Final/netty-codec-4.1.115.Final.jar:/Users/playclips/.m2/repository/io/projectreactor/reactor-core/3.6.10/reactor-core-3.6.10.jar:/Users/playclips/.m2/repository/org/reactivestreams/reactive-streams/1.0.4/reactive-streams-1.0.4.jar:/Users/playclips/.m2/repository/io/micronaut/serde/micronaut-serde-jackson/2.12.0/micronaut-serde-jackson-2.12.0.jar:/Users/playclips/.m2/repository/io/micronaut/micronaut-inject/4.7.6/micronaut-inject-4.7.6.jar:/Users/playclips/.m2/repository/jakarta/inject/jakarta.inject-api/2.0.1/jakarta.inject-api-2.0.1.jar:/Users/playclips/.m2/repository/jakarta/annotation/jakarta.annotation-api/2.1.1/jakarta.annotation-api-2.1.1.jar:/Users/playclips/.m2/repository/io/micronaut/micronaut-jackson-core/4.7.6/micronaut-jackson-core-4.7.6.jar:/Users/playclips/.m2/repository/io/micronaut/micronaut-json-core/4.7.6/micronaut-json-core-4.7.6.jar:/Users/playclips/.m2/repository/com/fasterxml/jackson/core/jackson-core/2.17.2/jackson-core-2.17.2.jar:/Users/playclips/.m2/repository/com/fasterxml/jackson/core/jackson-annotations/2.17.2/jackson-annotations-2.17.2.jar:/Users/playclips/.m2/repository/io/micronaut/micronaut-context/4.7.6/micronaut-context-4.7.6.jar:/Users/playclips/.m2/repository/io/micronaut/micronaut-aop/4.7.6/micronaut-aop-4.7.6.jar:/Users/playclips/.m2/repository/io/micronaut/serde/micronaut-serde-api/2.12.0/micronaut-serde-api-2.12.0.jar:/Users/playclips/.m2/repository/io/micronaut/serde/micronaut-serde-support/2.12.0/micronaut-serde-support-2.12.0.jar:/Users/playclips/.m2/repository/ch/qos/logback/logback-classic/1.5.9/logback-classic-1.5.9.jar:/Users/playclips/.m2/repository/ch/qos/logback/logback-core/1.5.9/logback-core-1.5.9.jar:/Users/playclips/.m2/repository/io/micronaut/micronaut-http-client/4.7.6/micronaut-http-client-4.7.6.jar:/Users/playclips/.m2/repository/io/micronaut/micronaut-http-client-core/4.7.6/micronaut-http-client-core-4.7.6.jar:/Users/playclips/.m2/repository/io/micronaut/micronaut-discovery-core/4.7.6/micronaut-discovery-core-4.7.6.jar:/Users/playclips/.m2/repository/io/micronaut/micronaut-websocket/4.7.6/micronaut-websocket-4.7.6.jar:/Users/playclips/.m2/repository/io/netty/netty-handler-proxy/4.1.115.Final/netty-handler-proxy-4.1.115.Final.jar:/Users/playclips/.m2/repository/io/netty/netty-codec-socks/4.1.115.Final/netty-codec-socks-4.1.115.Final.jar:/Users/playclips/.m2/repository/io/micronaut/test/micronaut-test-junit5/4.6.0/micronaut-test-junit5-4.6.0.jar:/Users/playclips/.m2/repository/io/micronaut/test/micronaut-test-core/4.6.0/micronaut-test-core-4.6.0.jar:/Users/playclips/.m2/repository/org/junit/jupiter/junit-jupiter-api/5.11.3/junit-jupiter-api-5.11.3.jar:/Users/playclips/.m2/repository/org/opentest4j/opentest4j/1.3.0/opentest4j-1.3.0.jar:/Users/playclips/.m2/repository/org/junit/platform/junit-platform-commons/1.11.3/junit-platform-commons-1.11.3.jar:/Users/playclips/.m2/repository/org/apiguardian/apiguardian-api/1.1.2/apiguardian-api-1.1.2.jar:/Users/playclips/.m2/repository/org/junit/jupiter/junit-jupiter-engine/5.11.3/junit-jupiter-engine-5.11.3.jar:/Users/playclips/.m2/repository/org/junit/platform/junit-platform-engine/1.11.3/junit-platform-engine-1.11.3.jar:"/>
    <property name="sun.cpu.endian" value="little"/>
    <property name="user.home" value="/Users/playclips"/>
    <property name="user.language" value="en"/>
    <property name="java.specification.vendor" value="Oracle Corporation"/>
    <property name="io.netty.allocator.maxOrder" value="3"/>
    <property name="java.version.date" value="2024-10-15"/>
    <property name="java.home" value="/Library/Java/JavaVirtualMachines/jdk-21.jdk/Contents/Home"/>
    <property name="file.separator" value="/"/>
    <property name="basedir" value="/Users/playclips/RESTful-Micronaut-3rd/chapter3"/>
    <property name="java.vm.compressedOopsMode" value="Zero based"/>
    <property name="line.separator" value="&#10;"/>
    <property name="java.vm.specification.vendor" value="Oracle Corporation"/>
    <property name="java.specification.name" value="Java Platform API Specification"/>
    <property name="apple.awt.application.name" value="ForkedBooter"/>
    <property name="surefire.real.class.path" value="/Users/playclips/RESTful-Micronaut-3rd/chapter3/target/surefire/surefirebooter-20241212140343938_3.jar"/>
    <property name="sun.management.compiler" value="HotSpot 64-Bit Tiered Compilers"/>
    <property name="ftp.nonProxyHosts" value="local|*.local|169.254/16|*.169.254/16"/>
    <property name="java.runtime.version" value="21.0.5+9-LTS-239"/>
    <property name="user.name" value="playclips"/>
    <property name="stdout.encoding" value="UTF-8"/>
    <property name="path.separator" value=":"/>
    <property name="os.version" value="14.5"/>
    <property name="java.runtime.name" value="Java(TM) SE Runtime Environment"/>
    <property name="file.encoding" value="UTF-8"/>
    <property name="java.vm.name" value="Java HotSpot(TM) 64-Bit Server VM"/>
    <property name="localRepository" value="/Users/playclips/.m2/repository"/>
    <property name="micronaut.classloader.logging" value="true"/>
    <property name="java.vendor.url.bug" value="https://bugreport.java.com/bugreport/"/>
    <property name="java.io.tmpdir" value="/var/folders/vk/vd6xhspd5_11g5vc3jtt1z400000gn/T/"/>
    <property name="java.version" value="21.0.5"/>
    <property name="user.dir" value="/Users/playclips/RESTful-Micronaut-3rd/chapter3"/>
    <property name="os.arch" value="aarch64"/>
    <property name="java.vm.specification.name" value="Java Virtual Machine Specification"/>
    <property name="native.encoding" value="UTF-8"/>
    <property name="java.library.path" value="/Users/playclips/Library/Java/Extensions:/Library/Java/Extensions:/Network/Library/Java/Extensions:/System/Library/Java/Extensions:/usr/lib/java:."/>
    <property name="java.vm.info" value="mixed mode, sharing"/>
    <property name="stderr.encoding" value="UTF-8"/>
    <property name="java.vendor" value="Oracle Corporation"/>
    <property name="java.vm.version" value="21.0.5+9-LTS-239"/>
    <property name="sun.io.unicode.encoding" value="UnicodeBig"/>
    <property name="socksNonProxyHosts" value="local|*.local|169.254/16|*.169.254/16"/>
    <property name="java.class.version" value="65.0"/>
  </properties>
  <testcase name="testItWorks" classname="com.rest.MessageTest" time="0.007">
    <system-out><![CDATA[&amp#27;[36m14:03:44.416&amp#27;[0;39m &amp#27;[1;30m[main]&amp#27;[0;39m &amp#27;[34mINFO &amp#27;[0;39m &amp#27;[35mi.m.c.DefaultApplicationContext$RuntimeConfiguredEnvironment&amp#27;[0;39m - Established active environments: [test]
]]></system-out>
  </testcase>
</testsuite>